<?xml version="1.0" encoding="UTF-8"?>
<coverage generated="1765712146066" clover="3.2.0">
  <project timestamp="1765712146066" name="All files">
    <metrics statements="12" coveredstatements="12" conditionals="8" coveredconditionals="6" methods="7" coveredmethods="7" elements="27" coveredelements="25" complexity="0" loc="12" ncloc="12" packages="3" files="7" classes="7"/>
    <package name="src">
      <metrics statements="3" coveredstatements="3" conditionals="2" coveredconditionals="1" methods="2" coveredmethods="2"/>
      <file name="App.css" path="/Users/kangdy25/Programming/Web/fullstack-mastery/src/App.css">
        <metrics statements="0" coveredstatements="0" conditionals="0" coveredconditionals="0" methods="0" coveredmethods="0"/>
      </file>
      <file name="App.tsx" path="/Users/kangdy25/Programming/Web/fullstack-mastery/src/App.tsx">
        <metrics statements="3" coveredstatements="3" conditionals="2" coveredconditionals="1" methods="2" coveredmethods="2"/>
        <line num="11" count="4" type="stmt"/>
        <line num="12" count="4" type="stmt"/>
        <line num="18" count="1" type="stmt"/>
      </file>
    </package>
    <package name="src.components.ui">
      <metrics statements="8" coveredstatements="8" conditionals="6" coveredconditionals="5" methods="4" coveredmethods="4"/>
      <file name="button.tsx" path="/Users/kangdy25/Programming/Web/fullstack-mastery/src/components/ui/button.tsx">
        <metrics statements="3" coveredstatements="3" conditionals="5" coveredconditionals="4" methods="1" coveredmethods="1"/>
        <line num="7" count="1" type="stmt"/>
        <line num="49" count="24" type="cond" truecount="1" falsecount="1"/>
        <line num="51" count="24" type="stmt"/>
      </file>
      <file name="input.tsx" path="/Users/kangdy25/Programming/Web/fullstack-mastery/src/components/ui/input.tsx">
        <metrics statements="1" coveredstatements="1" conditionals="0" coveredconditionals="0" methods="1" coveredmethods="1"/>
        <line num="6" count="4" type="stmt"/>
      </file>
      <file name="sonner.tsx" path="/Users/kangdy25/Programming/Web/fullstack-mastery/src/components/ui/sonner.tsx">
        <metrics statements="3" coveredstatements="3" conditionals="1" coveredconditionals="1" methods="1" coveredmethods="1"/>
        <line num="11" count="1" type="stmt"/>
        <line num="12" count="4" type="cond" truecount="1" falsecount="0"/>
        <line num="14" count="4" type="stmt"/>
      </file>
      <file name="textarea.tsx" path="/Users/kangdy25/Programming/Web/fullstack-mastery/src/components/ui/textarea.tsx">
        <metrics statements="1" coveredstatements="1" conditionals="0" coveredconditionals="0" methods="1" coveredmethods="1"/>
        <line num="6" count="4" type="stmt"/>
      </file>
    </package>
    <package name="src.lib">
      <metrics statements="1" coveredstatements="1" conditionals="0" coveredconditionals="0" methods="1" coveredmethods="1"/>
      <file name="utils.ts" path="/Users/kangdy25/Programming/Web/fullstack-mastery/src/lib/utils.ts">
        <metrics statements="1" coveredstatements="1" conditionals="0" coveredconditionals="0" methods="1" coveredmethods="1"/>
        <line num="5" count="40" type="stmt"/>
      </file>
    </package>
  </project>
</coverage>
