{"/Users/kangdy25/Programming/Web/fullstack-mastery/src/App.css": {"path":"/Users/kangdy25/Programming/Web/fullstack-mastery/src/App.css","statementMap":{},"fnMap":{},"branchMap":{},"s":{},"f":{},"b":{},"meta":{"lastBranch":0,"lastFunction":0,"lastStatement":0,"seen":{}}}
,"/Users/kangdy25/Programming/Web/fullstack-mastery/src/App.tsx": {"path":"/Users/kangdy25/Programming/Web/fullstack-mastery/src/App.tsx","statementMap":{"0":{"start":{"line":11,"column":19},"end":{"line":11,"column":null}},"1":{"start":{"line":12,"column":2},"end":{"line":39,"column":null}},"2":{"start":{"line":18,"column":17},"end":{"line":19,"column":null}}},"fnMap":{"0":{"name":"App","decl":{"start":{"line":10,"column":9},"end":{"line":10,"column":15}},"loc":{"start":{"line":10,"column":15},"end":{"line":41,"column":null}},"line":10},"1":{"name":"(anonymous_1)","decl":{"start":{"line":18,"column":17},"end":{"line":18,"column":null}},"loc":{"start":{"line":18,"column":17},"end":{"line":19,"column":null}},"line":18}},"branchMap":{"0":{"loc":{"start":{"line":30,"column":25},"end":{"line":30,"column":69}},"type":"cond-expr","locations":[{"start":{"line":30,"column":36},"end":{"line":30,"column":55}},{"start":{"line":30,"column":55},"end":{"line":30,"column":69}}],"line":30}},"s":{"0":4,"1":4,"2":1},"f":{"0":4,"1":1},"b":{"0":[4,0]},"meta":{"lastBranch":1,"lastFunction":2,"lastStatement":3,"seen":{"f:10:9:10:15":0,"s:11:19:11:Infinity":0,"s:12:2:39:Infinity":1,"f:18:17:18:Infinity":1,"s:18:17:19:Infinity":2,"b:30:36:30:55:30:55:30:69":0}}}
,"/Users/kangdy25/Programming/Web/fullstack-mastery/src/components/ui/button.tsx": {"path":"/Users/kangdy25/Programming/Web/fullstack-mastery/src/components/ui/button.tsx","statementMap":{"0":{"start":{"line":7,"column":6},"end":{"line":37,"column":null}},"1":{"start":{"line":49,"column":15},"end":{"line":49,"column":null}},"2":{"start":{"line":51,"column":2},"end":{"line":58,"column":null}}},"fnMap":{"0":{"name":"Button","decl":{"start":{"line":39,"column":9},"end":{"line":39,"column":16}},"loc":{"start":{"line":48,"column":5},"end":{"line":60,"column":null}},"line":48}},"branchMap":{"0":{"loc":{"start":{"line":41,"column":2},"end":{"line":41,"column":null}},"type":"default-arg","locations":[{"start":{"line":41,"column":12},"end":{"line":41,"column":null}}],"line":41},"1":{"loc":{"start":{"line":42,"column":2},"end":{"line":42,"column":null}},"type":"default-arg","locations":[{"start":{"line":42,"column":9},"end":{"line":42,"column":null}}],"line":42},"2":{"loc":{"start":{"line":43,"column":2},"end":{"line":43,"column":null}},"type":"default-arg","locations":[{"start":{"line":43,"column":12},"end":{"line":43,"column":null}}],"line":43},"3":{"loc":{"start":{"line":49,"column":15},"end":{"line":49,"column":null}},"type":"cond-expr","locations":[{"start":{"line":49,"column":25},"end":{"line":49,"column":32}},{"start":{"line":49,"column":32},"end":{"line":49,"column":null}}],"line":49}},"s":{"0":1,"1":24,"2":24},"f":{"0":24},"b":{"0":[24],"1":[24],"2":[24],"3":[0,24]},"meta":{"lastBranch":4,"lastFunction":1,"lastStatement":3,"seen":{"s:7:6:37:Infinity":0,"f:39:9:39:16":0,"b:41:12:41:Infinity":0,"b:42:9:42:Infinity":1,"b:43:12:43:Infinity":2,"s:49:15:49:Infinity":1,"b:49:25:49:32:49:32:49:Infinity":3,"s:51:2:58:Infinity":2}}}
,"/Users/kangdy25/Programming/Web/fullstack-mastery/src/components/ui/input.tsx": {"path":"/Users/kangdy25/Programming/Web/fullstack-mastery/src/components/ui/input.tsx","statementMap":{"0":{"start":{"line":6,"column":2},"end":{"line":17,"column":null}}},"fnMap":{"0":{"name":"Input","decl":{"start":{"line":5,"column":9},"end":{"line":5,"column":15}},"loc":{"start":{"line":5,"column":77},"end":{"line":19,"column":null}},"line":5}},"branchMap":{},"s":{"0":4},"f":{"0":4},"b":{},"meta":{"lastBranch":0,"lastFunction":1,"lastStatement":1,"seen":{"f:5:9:5:15":0,"s:6:2:17:Infinity":0}}}
,"/Users/kangdy25/Programming/Web/fullstack-mastery/src/components/ui/sonner.tsx": {"path":"/Users/kangdy25/Programming/Web/fullstack-mastery/src/components/ui/sonner.tsx","statementMap":{"0":{"start":{"line":11,"column":16},"end":{"line":36,"column":null}},"1":{"start":{"line":12,"column":27},"end":{"line":12,"column":null}},"2":{"start":{"line":14,"column":2},"end":{"line":34,"column":null}}},"fnMap":{"0":{"name":"(anonymous_0)","decl":{"start":{"line":11,"column":16},"end":{"line":11,"column":17}},"loc":{"start":{"line":11,"column":48},"end":{"line":36,"column":null}},"line":11}},"branchMap":{"0":{"loc":{"start":{"line":12,"column":10},"end":{"line":12,"column":27}},"type":"default-arg","locations":[{"start":{"line":12,"column":18},"end":{"line":12,"column":27}}],"line":12}},"s":{"0":1,"1":4,"2":4},"f":{"0":4},"b":{"0":[4]},"meta":{"lastBranch":1,"lastFunction":1,"lastStatement":3,"seen":{"s:11:16:36:Infinity":0,"f:11:16:11:17":0,"s:12:27:12:Infinity":1,"b:12:18:12:27":0,"s:14:2:34:Infinity":2}}}
,"/Users/kangdy25/Programming/Web/fullstack-mastery/src/components/ui/textarea.tsx": {"path":"/Users/kangdy25/Programming/Web/fullstack-mastery/src/components/ui/textarea.tsx","statementMap":{"0":{"start":{"line":6,"column":2},"end":{"line":14,"column":null}}},"fnMap":{"0":{"name":"Textarea","decl":{"start":{"line":5,"column":9},"end":{"line":5,"column":18}},"loc":{"start":{"line":5,"column":77},"end":{"line":16,"column":null}},"line":5}},"branchMap":{},"s":{"0":4},"f":{"0":4},"b":{},"meta":{"lastBranch":0,"lastFunction":1,"lastStatement":1,"seen":{"f:5:9:5:18":0,"s:6:2:14:Infinity":0}}}
,"/Users/kangdy25/Programming/Web/fullstack-mastery/src/lib/utils.ts": {"path":"/Users/kangdy25/Programming/Web/fullstack-mastery/src/lib/utils.ts","statementMap":{"0":{"start":{"line":5,"column":2},"end":{"line":5,"column":null}}},"fnMap":{"0":{"name":"cn","decl":{"start":{"line":4,"column":16},"end":{"line":4,"column":22}},"loc":{"start":{"line":4,"column":44},"end":{"line":6,"column":null}},"line":4}},"branchMap":{},"s":{"0":40},"f":{"0":40},"b":{},"meta":{"lastBranch":0,"lastFunction":1,"lastStatement":1,"seen":{"f:4:16:4:22":0,"s:5:2:5:Infinity":0}}}
}
